<?xml version="1.0" encoding="UTF-8"?>
<testsuite name="com.example.adminecommerce.AdminEcommerceApplicationTests" tests="1" skipped="0" failures="0" errors="0" timestamp="2023-01-27T15:47:16" hostname="ijunhuiui-MacBookPro.local" time="0.071">
  <properties/>
  <testcase name="contextLoads()" classname="com.example.adminecommerce.AdminEcommerceApplicationTests" time="0.071"/>
  <system-out><![CDATA[00:47:14.954 [Test worker] DEBUG org.springframework.test.context.BootstrapUtils - Instantiating CacheAwareContextLoaderDelegate from class [org.springframework.test.context.cache.DefaultCacheAwareContextLoaderDelegate]
00:47:14.958 [Test worker] DEBUG org.springframework.test.context.BootstrapUtils - Instantiating BootstrapContext using constructor [public org.springframework.test.context.support.DefaultBootstrapContext(java.lang.Class,org.springframework.test.context.CacheAwareContextLoaderDelegate)]
00:47:14.970 [Test worker] DEBUG org.springframework.test.context.BootstrapUtils - Instantiating TestContextBootstrapper for test class [com.example.adminecommerce.AdminEcommerceApplicationTests] from class [org.springframework.boot.test.context.SpringBootTestContextBootstrapper]
00:47:14.975 [Test worker] INFO org.springframework.boot.test.context.SpringBootTestContextBootstrapper - Neither @ContextConfiguration nor @ContextHierarchy found for test class [com.example.adminecommerce.AdminEcommerceApplicationTests], using SpringBootContextLoader
00:47:14.976 [Test worker] DEBUG org.springframework.test.context.support.AbstractContextLoader - Did not detect default resource location for test class [com.example.adminecommerce.AdminEcommerceApplicationTests]: class path resource [com/example/adminecommerce/AdminEcommerceApplicationTests-context.xml] does not exist
00:47:14.976 [Test worker] DEBUG org.springframework.test.context.support.AbstractContextLoader - Did not detect default resource location for test class [com.example.adminecommerce.AdminEcommerceApplicationTests]: class path resource [com/example/adminecommerce/AdminEcommerceApplicationTestsContext.groovy] does not exist
00:47:14.976 [Test worker] INFO org.springframework.test.context.support.AbstractContextLoader - Could not detect default resource locations for test class [com.example.adminecommerce.AdminEcommerceApplicationTests]: no resource found for suffixes {-context.xml, Context.groovy}.
00:47:14.976 [Test worker] INFO org.springframework.test.context.support.AnnotationConfigContextLoaderUtils - Could not detect default configuration classes for test class [com.example.adminecommerce.AdminEcommerceApplicationTests]: AdminEcommerceApplicationTests does not declare any static, non-private, non-final, nested classes annotated with @Configuration.
00:47:14.990 [Test worker] DEBUG org.springframework.test.context.support.ActiveProfilesUtils - Could not find an 'annotation declaring class' for annotation type [org.springframework.test.context.ActiveProfiles] and class [com.example.adminecommerce.AdminEcommerceApplicationTests]
00:47:15.011 [Test worker] DEBUG org.springframework.context.annotation.ClassPathScanningCandidateComponentProvider - Identified candidate component class: file [/Users/junehee/june/repo/temp_server/build/classes/java/main/com/example/adminecommerce/AdminEcommerceApplication.class]
00:47:15.011 [Test worker] INFO org.springframework.boot.test.context.SpringBootTestContextBootstrapper - Found @SpringBootConfiguration com.example.adminecommerce.AdminEcommerceApplication for test class com.example.adminecommerce.AdminEcommerceApplicationTests
00:47:15.040 [Test worker] DEBUG org.springframework.boot.test.context.SpringBootTestContextBootstrapper - @TestExecutionListeners is not present for class [com.example.adminecommerce.AdminEcommerceApplicationTests]: using defaults.
00:47:15.041 [Test worker] INFO org.springframework.boot.test.context.SpringBootTestContextBootstrapper - Loaded default TestExecutionListener class names from location [META-INF/spring.factories]: [org.springframework.boot.test.autoconfigure.restdocs.RestDocsTestExecutionListener, org.springframework.boot.test.autoconfigure.web.client.MockRestServiceServerResetTestExecutionListener, org.springframework.boot.test.autoconfigure.web.servlet.MockMvcPrintOnlyOnFailureTestExecutionListener, org.springframework.boot.test.autoconfigure.web.servlet.WebDriverTestExecutionListener, org.springframework.boot.test.autoconfigure.webservices.client.MockWebServiceServerTestExecutionListener, org.springframework.boot.test.mock.mockito.MockitoTestExecutionListener, org.springframework.boot.test.mock.mockito.ResetMocksTestExecutionListener, org.springframework.test.context.web.ServletTestExecutionListener, org.springframework.test.context.support.DirtiesContextBeforeModesTestExecutionListener, org.springframework.test.context.event.ApplicationEventsTestExecutionListener, org.springframework.test.context.support.DependencyInjectionTestExecutionListener, org.springframework.test.context.support.DirtiesContextTestExecutionListener, org.springframework.test.context.transaction.TransactionalTestExecutionListener, org.springframework.test.context.jdbc.SqlScriptsTestExecutionListener, org.springframework.test.context.event.EventPublishingTestExecutionListener]
00:47:15.046 [Test worker] INFO org.springframework.boot.test.context.SpringBootTestContextBootstrapper - Using TestExecutionListeners: [org.springframework.test.context.web.ServletTestExecutionListener@192d74fb, org.springframework.test.context.support.DirtiesContextBeforeModesTestExecutionListener@4bef0fe3, org.springframework.test.context.event.ApplicationEventsTestExecutionListener@62ea3440, org.springframework.boot.test.mock.mockito.MockitoTestExecutionListener@27953a83, org.springframework.boot.test.autoconfigure.SpringBootDependencyInjectionTestExecutionListener@556d0826, org.springframework.test.context.support.DirtiesContextTestExecutionListener@66ce957f, org.springframework.test.context.transaction.TransactionalTestExecutionListener@55b5f5d2, org.springframework.test.context.jdbc.SqlScriptsTestExecutionListener@5bfa8cc5, org.springframework.test.context.event.EventPublishingTestExecutionListener@666b83a4, org.springframework.boot.test.autoconfigure.restdocs.RestDocsTestExecutionListener@749c877b, org.springframework.boot.test.autoconfigure.web.client.MockRestServiceServerResetTestExecutionListener@efde75f, org.springframework.boot.test.autoconfigure.web.servlet.MockMvcPrintOnlyOnFailureTestExecutionListener@16ecee1, org.springframework.boot.test.autoconfigure.web.servlet.WebDriverTestExecutionListener@3b220bcb, org.springframework.boot.test.autoconfigure.webservices.client.MockWebServiceServerTestExecutionListener@2b95e48b, org.springframework.boot.test.mock.mockito.ResetMocksTestExecutionListener@4a3329b9]
00:47:15.048 [Test worker] DEBUG org.springframework.test.context.support.AbstractDirtiesContextTestExecutionListener - Before test class: context [DefaultTestContext@3d484181 testClass = AdminEcommerceApplicationTests, testInstance = [null], testMethod = [null], testException = [null], mergedContextConfiguration = [WebMergedContextConfiguration@6111ba37 testClass = AdminEcommerceApplicationTests, locations = '{}', classes = '{class com.example.adminecommerce.AdminEcommerceApplication}', contextInitializerClasses = '[]', activeProfiles = '{}', propertySourceLocations = '{}', propertySourceProperties = '{org.springframework.boot.test.context.SpringBootTestContextBootstrapper=true}', contextCustomizers = set[org.springframework.boot.test.autoconfigure.actuate.metrics.MetricsExportContextCustomizerFactory$DisableMetricExportContextCustomizer@181e731e, org.springframework.boot.test.autoconfigure.properties.PropertyMappingContextCustomizer@0, org.springframework.boot.test.autoconfigure.web.servlet.WebDriverContextCustomizerFactory$Customizer@327bcebd, org.springframework.boot.test.context.filter.ExcludeFilterContextCustomizer@1339e7aa, org.springframework.boot.test.json.DuplicateJsonObjectContextCustomizerFactory$DuplicateJsonObjectContextCustomizer@12359a82, org.springframework.boot.test.mock.mockito.MockitoContextCustomizer@0, org.springframework.boot.test.web.client.TestRestTemplateContextCustomizer@132e0cc, org.springframework.boot.test.context.SpringBootTestArgs@1, org.springframework.boot.test.context.SpringBootTestWebEnvironment@ed7f8b4], resourceBasePath = 'src/main/webapp', contextLoader = 'org.springframework.boot.test.context.SpringBootContextLoader', parent = [null]], attributes = map['org.springframework.test.context.web.ServletTestExecutionListener.activateListener' -> true]], class annotated with @DirtiesContext [false] with mode [null].

  .   ____          _            __ _ _
 /\\ / ___'_ __ _ _(_)_ __  __ _ \ \ \ \
( ( )\___ | '_ | '_| | '_ \/ _` | \ \ \ \
 \\/  ___)| |_)| | | | | || (_| |  ) ) ) )
  '  |____| .__|_| |_|_| |_\__, | / / / /
 =========|_|==============|___/=/_/_/_/
 :: Spring Boot ::                (v2.7.8)

2023-01-28 00:47:15.308  INFO 15141 --- [    Test worker] c.e.a.AdminEcommerceApplicationTests     : Starting AdminEcommerceApplicationTests using Java 17.0.5 on ijunhuiui-MacBookPro.local with PID 15141 (started by junehee in /Users/junehee/june/repo/temp_server)
2023-01-28 00:47:15.308  INFO 15141 --- [    Test worker] c.e.a.AdminEcommerceApplicationTests     : No active profile set, falling back to 1 default profile: "default"
2023-01-28 00:47:15.547  INFO 15141 --- [    Test worker] .s.d.r.c.RepositoryConfigurationDelegate : Bootstrapping Spring Data JPA repositories in DEFAULT mode.
2023-01-28 00:47:15.584  INFO 15141 --- [    Test worker] .s.d.r.c.RepositoryConfigurationDelegate : Finished Spring Data repository scanning in 33 ms. Found 1 JPA repository interfaces.
2023-01-28 00:47:15.808  INFO 15141 --- [    Test worker] o.hibernate.jpa.internal.util.LogHelper  : HHH000204: Processing PersistenceUnitInfo [name: default]
2023-01-28 00:47:15.827  INFO 15141 --- [    Test worker] org.hibernate.Version                    : HHH000412: Hibernate ORM core version 5.6.14.Final
2023-01-28 00:47:15.893  INFO 15141 --- [    Test worker] o.hibernate.annotations.common.Version   : HCANN000001: Hibernate Commons Annotations {5.1.2.Final}
2023-01-28 00:47:15.926  INFO 15141 --- [    Test worker] com.zaxxer.hikari.HikariDataSource       : HikariPool-1 - Starting...
2023-01-28 00:47:16.003  INFO 15141 --- [    Test worker] com.zaxxer.hikari.HikariDataSource       : HikariPool-1 - Start completed.
2023-01-28 00:47:16.009  INFO 15141 --- [    Test worker] org.hibernate.dialect.Dialect            : HHH000400: Using dialect: org.hibernate.dialect.H2Dialect
Hibernate: 
    
    create table customers (
       id bigint generated by default as identity,
        address varchar(255),
        age integer not null,
        createdAt timestamp,
        createdBy varchar(255),
        name varchar(255),
        grade varchar(255),
        isDeleted boolean not null,
        phoneNumber varchar(255),
        updatedAt timestamp,
        updatedBy varchar(255),
        primary key (id)
    )
2023-01-28 00:47:16.224  INFO 15141 --- [    Test worker] o.h.e.t.j.p.i.JtaPlatformInitiator       : HHH000490: Using JtaPlatform implementation: [org.hibernate.engine.transaction.jta.platform.internal.NoJtaPlatform]
2023-01-28 00:47:16.227  INFO 15141 --- [    Test worker] j.LocalContainerEntityManagerFactoryBean : Initialized JPA EntityManagerFactory for persistence unit 'default'
2023-01-28 00:47:16.465  WARN 15141 --- [    Test worker] JpaBaseConfiguration$JpaWebConfiguration : spring.jpa.open-in-view is enabled by default. Therefore, database queries may be performed during view rendering. Explicitly configure spring.jpa.open-in-view to disable this warning
2023-01-28 00:47:16.574  INFO 15141 --- [    Test worker] o.s.b.a.w.s.WelcomePageHandlerMapping    : Adding welcome page template: index
2023-01-28 00:47:16.712  INFO 15141 --- [    Test worker] c.e.a.AdminEcommerceApplicationTests     : Started AdminEcommerceApplicationTests in 1.652 seconds (JVM running for 2.06)
]]></system-out>
  <system-err><![CDATA[]]></system-err>
</testsuite>
